mode: set
transaction-technical-test/internal/domain/transactions.go:24.63,31.2 1 1
transaction-technical-test/internal/domain/transactions.go:34.68,35.28 1 1
transaction-technical-test/internal/domain/transactions.go:35.28,37.3 1 1
transaction-technical-test/internal/domain/transactions.go:39.2,40.12 2 1
transaction-technical-test/internal/domain/transactions.go:43.51,44.16 1 1
transaction-technical-test/internal/domain/transactions.go:45.50,46.14 1 1
transaction-technical-test/internal/domain/transactions.go:47.10,48.15 1 1
transaction-technical-test/internal/config/database.go:14.24,25.16 3 1
transaction-technical-test/internal/config/database.go:25.16,27.3 1 1
transaction-technical-test/internal/config/database.go:30.2,30.71 1 0
transaction-technical-test/internal/config/database.go:30.71,32.3 1 0
transaction-technical-test/internal/config/database.go:34.2,35.11 2 0
transaction-technical-test/internal/config/database.go:38.44,39.38 1 1
transaction-technical-test/internal/config/database.go:39.38,41.3 1 1
transaction-technical-test/internal/config/database.go:42.2,42.19 1 1
transaction-technical-test/internal/config/logger.go:7.31,10.2 2 0
transaction-technical-test/internal/service/dashboard_service.go:15.79,19.2 1 1
transaction-technical-test/internal/service/dashboard_service.go:22.68,24.16 2 1
transaction-technical-test/internal/service/dashboard_service.go:24.16,26.3 1 1
transaction-technical-test/internal/service/dashboard_service.go:28.2,29.16 2 1
transaction-technical-test/internal/service/dashboard_service.go:29.16,31.3 1 1
transaction-technical-test/internal/service/dashboard_service.go:33.2,34.16 2 1
transaction-technical-test/internal/service/dashboard_service.go:34.16,36.3 1 1
transaction-technical-test/internal/service/dashboard_service.go:38.2,42.8 1 1
transaction-technical-test/internal/service/transaction_service.go:9.83,13.2 1 1
transaction-technical-test/internal/service/transaction_service.go:16.95,19.42 2 1
transaction-technical-test/internal/service/transaction_service.go:19.42,21.3 1 1
transaction-technical-test/internal/service/transaction_service.go:23.2,23.16 1 1
transaction-technical-test/internal/service/transaction_service.go:27.76,29.2 1 1
transaction-technical-test/internal/service/transaction_service.go:32.100,34.2 1 1
transaction-technical-test/internal/service/transaction_service.go:37.91,39.16 2 1
transaction-technical-test/internal/service/transaction_service.go:39.16,41.3 1 1
transaction-technical-test/internal/service/transaction_service.go:43.2,43.48 1 1
transaction-technical-test/internal/service/transaction_service.go:43.48,45.3 1 1
transaction-technical-test/internal/service/transaction_service.go:47.2,47.26 1 1
transaction-technical-test/internal/service/transaction_service.go:51.52,53.2 1 1
transaction-technical-test/internal/handler/dashboard_handler.go:17.93,22.2 1 1
transaction-technical-test/internal/handler/dashboard_handler.go:24.52,26.16 2 1
transaction-technical-test/internal/handler/dashboard_handler.go:26.16,37.3 3 1
transaction-technical-test/internal/handler/dashboard_handler.go:39.2,43.4 2 1
transaction-technical-test/internal/handler/transaction_handler.go:19.99,24.2 1 1
transaction-technical-test/internal/handler/transaction_handler.go:35.53,37.47 2 1
transaction-technical-test/internal/handler/transaction_handler.go:37.47,45.3 3 1
transaction-technical-test/internal/handler/transaction_handler.go:47.2,48.16 2 1
transaction-technical-test/internal/handler/transaction_handler.go:48.16,60.3 3 1
transaction-technical-test/internal/handler/transaction_handler.go:62.2,70.4 2 1
transaction-technical-test/internal/handler/transaction_handler.go:73.54,76.16 3 1
transaction-technical-test/internal/handler/transaction_handler.go:76.16,84.3 3 1
transaction-technical-test/internal/handler/transaction_handler.go:86.2,87.16 2 1
transaction-technical-test/internal/handler/transaction_handler.go:87.16,88.43 1 1
transaction-technical-test/internal/handler/transaction_handler.go:88.43,96.4 3 1
transaction-technical-test/internal/handler/transaction_handler.go:98.3,107.9 3 0
transaction-technical-test/internal/handler/transaction_handler.go:110.2,114.4 2 1
transaction-technical-test/internal/handler/transaction_handler.go:117.53,120.48 2 1
transaction-technical-test/internal/handler/transaction_handler.go:120.48,122.17 2 1
transaction-technical-test/internal/handler/transaction_handler.go:122.17,130.4 3 1
transaction-technical-test/internal/handler/transaction_handler.go:131.3,132.23 2 1
transaction-technical-test/internal/handler/transaction_handler.go:135.2,135.47 1 1
transaction-technical-test/internal/handler/transaction_handler.go:135.47,138.3 2 1
transaction-technical-test/internal/handler/transaction_handler.go:140.2,147.16 6 1
transaction-technical-test/internal/handler/transaction_handler.go:147.16,158.3 3 1
transaction-technical-test/internal/handler/transaction_handler.go:160.2,172.4 2 1
transaction-technical-test/internal/handler/transaction_handler.go:175.59,178.16 3 1
transaction-technical-test/internal/handler/transaction_handler.go:178.16,186.3 3 1
transaction-technical-test/internal/handler/transaction_handler.go:188.2,189.47 2 1
transaction-technical-test/internal/handler/transaction_handler.go:189.47,200.3 3 1
transaction-technical-test/internal/handler/transaction_handler.go:202.2,202.69 1 1
transaction-technical-test/internal/handler/transaction_handler.go:202.69,214.3 3 1
transaction-technical-test/internal/handler/transaction_handler.go:216.2,221.32 2 1
transaction-technical-test/internal/handler/transaction_handler.go:224.53,227.16 3 1
transaction-technical-test/internal/handler/transaction_handler.go:227.16,235.3 3 1
transaction-technical-test/internal/handler/transaction_handler.go:237.2,237.51 1 1
transaction-technical-test/internal/handler/transaction_handler.go:237.51,238.43 1 1
transaction-technical-test/internal/handler/transaction_handler.go:238.43,246.4 3 1
transaction-technical-test/internal/handler/transaction_handler.go:248.3,257.9 3 1
transaction-technical-test/internal/handler/transaction_handler.go:260.2,262.32 2 1
transaction-technical-test/internal/router/router.go:13.3,18.2 3 1
transaction-technical-test/internal/router/router.go:18.2,24.3 5 1
transaction-technical-test/internal/router/router.go:27.2,28.2 2 1
transaction-technical-test/internal/router/router.go:28.2,30.3 1 1
transaction-technical-test/internal/repository/transaction_repository.go:20.55,28.2 1 1
transaction-technical-test/internal/repository/transaction_repository.go:30.57,38.2 1 1
transaction-technical-test/internal/repository/transaction_repository.go:45.67,47.2 1 1
transaction-technical-test/internal/repository/transaction_repository.go:50.70,53.50 2 1
transaction-technical-test/internal/repository/transaction_repository.go:53.50,55.3 1 0
transaction-technical-test/internal/repository/transaction_repository.go:57.2,58.12 2 1
transaction-technical-test/internal/repository/transaction_repository.go:60.80,63.53 2 1
transaction-technical-test/internal/repository/transaction_repository.go:63.53,64.36 1 1
transaction-technical-test/internal/repository/transaction_repository.go:64.36,66.4 1 1
transaction-technical-test/internal/repository/transaction_repository.go:67.3,67.18 1 0
transaction-technical-test/internal/repository/transaction_repository.go:70.2,71.17 2 1
transaction-technical-test/internal/repository/transaction_repository.go:73.104,78.26 3 1
transaction-technical-test/internal/repository/transaction_repository.go:78.26,80.3 1 0
transaction-technical-test/internal/repository/transaction_repository.go:82.2,82.26 1 1
transaction-technical-test/internal/repository/transaction_repository.go:82.26,84.3 1 1
transaction-technical-test/internal/repository/transaction_repository.go:86.2,86.24 1 1
transaction-technical-test/internal/repository/transaction_repository.go:86.24,88.3 1 0
transaction-technical-test/internal/repository/transaction_repository.go:90.2,90.22 1 1
transaction-technical-test/internal/repository/transaction_repository.go:90.22,92.3 1 0
transaction-technical-test/internal/repository/transaction_repository.go:94.2,94.22 1 1
transaction-technical-test/internal/repository/transaction_repository.go:94.22,96.3 1 1
transaction-technical-test/internal/repository/transaction_repository.go:98.2,98.24 1 1
transaction-technical-test/internal/repository/transaction_repository.go:98.24,100.3 1 1
transaction-technical-test/internal/repository/transaction_repository.go:102.2,102.75 1 1
transaction-technical-test/internal/repository/transaction_repository.go:102.75,104.3 1 0
transaction-technical-test/internal/repository/transaction_repository.go:106.2,107.27 2 1
transaction-technical-test/internal/repository/transaction_repository.go:107.27,110.3 2 1
transaction-technical-test/internal/repository/transaction_repository.go:112.2,112.20 1 1
transaction-technical-test/internal/repository/transaction_repository.go:115.70,123.30 2 1
transaction-technical-test/internal/repository/transaction_repository.go:123.30,125.3 1 1
transaction-technical-test/internal/repository/transaction_repository.go:127.2,127.21 1 1
transaction-technical-test/internal/repository/transaction_repository.go:130.55,133.30 2 1
transaction-technical-test/internal/repository/transaction_repository.go:133.30,135.3 1 1
transaction-technical-test/internal/repository/transaction_repository.go:137.2,137.21 1 1
transaction-technical-test/internal/repository/transaction_repository.go:139.70,152.2 5 1
transaction-technical-test/internal/repository/transaction_repository.go:153.73,162.2 3 1
transaction-technical-test/internal/repository/transaction_repository.go:164.81,170.35 2 1
transaction-technical-test/internal/repository/transaction_repository.go:170.35,172.3 1 0
transaction-technical-test/internal/repository/transaction_repository.go:174.2,175.27 2 1
transaction-technical-test/internal/repository/transaction_repository.go:175.27,178.3 2 1
transaction-technical-test/internal/repository/transaction_repository.go:180.2,180.20 1 1
